Analysis & Synthesis report for ADC_DAC
Fri Apr  3 16:57:48 2020
Quartus Prime Version 19.1.0 Build 670 09/22/2019 SJ Lite Edition


---------------------
; Table of Contents ;
---------------------
  1. Legal Notice
  2. Analysis & Synthesis Summary
  3. Analysis & Synthesis Settings
  4. Parallel Compilation
  5. Analysis & Synthesis Source Files Read
  6. Analysis & Synthesis Resource Usage Summary
  7. Analysis & Synthesis Resource Utilization by Entity
  8. State Machine - |ADC_DAC|DACWriter:dac|current_state
  9. State Machine - |ADC_DAC|ADCReader:adc|current_state
 10. Registers Removed During Synthesis
 11. General Register Statistics
 12. Inverted Register Statistics
 13. Multiplexer Restructuring Statistics (Restructuring Performed)
 14. Parameter Settings for User Entity Instance: TickGenerator:myTickGen
 15. Port Connectivity Checks: "DACWriter:dac"
 16. Port Connectivity Checks: "ADCReader:adc"
 17. Post-Synthesis Netlist Statistics for Top Partition
 18. Elapsed Time Per Partition
 19. Analysis & Synthesis Messages



----------------
; Legal Notice ;
----------------
Copyright (C) 2019  Intel Corporation. All rights reserved.
Your use of Intel Corporation's design tools, logic functions 
and other software and tools, and any partner logic 
functions, and any output files from any of the foregoing 
(including device programming or simulation files), and any 
associated documentation or information are expressly subject 
to the terms and conditions of the Intel Program License 
Subscription Agreement, the Intel Quartus Prime License Agreement,
the Intel FPGA IP License Agreement, or other applicable license
agreement, including, without limitation, that your use is for
the sole purpose of programming logic devices manufactured by
Intel and sold by Intel or its authorized distributors.  Please
refer to the applicable agreement for further details, at
https://fpgasoftware.intel.com/eula.



+----------------------------------------------------------------------------------+
; Analysis & Synthesis Summary                                                     ;
+------------------------------------+---------------------------------------------+
; Analysis & Synthesis Status        ; Successful - Fri Apr  3 16:57:48 2020       ;
; Quartus Prime Version              ; 19.1.0 Build 670 09/22/2019 SJ Lite Edition ;
; Revision Name                      ; ADC_DAC                                     ;
; Top-level Entity Name              ; ADC_DAC                                     ;
; Family                             ; MAX 10                                      ;
; Total logic elements               ; 135                                         ;
;     Total combinational functions  ; 117                                         ;
;     Dedicated logic registers      ; 89                                          ;
; Total registers                    ; 89                                          ;
; Total pins                         ; 39                                          ;
; Total virtual pins                 ; 0                                           ;
; Total memory bits                  ; 0                                           ;
; Embedded Multiplier 9-bit elements ; 0                                           ;
; Total PLLs                         ; 0                                           ;
; UFM blocks                         ; 0                                           ;
; ADC blocks                         ; 0                                           ;
+------------------------------------+---------------------------------------------+


+------------------------------------------------------------------------------------------------------------+
; Analysis & Synthesis Settings                                                                              ;
+------------------------------------------------------------------+--------------------+--------------------+
; Option                                                           ; Setting            ; Default Value      ;
+------------------------------------------------------------------+--------------------+--------------------+
; Device                                                           ; 10M50DAF484C6GES   ;                    ;
; Top-level entity name                                            ; ADC_DAC            ; ADC_DAC            ;
; Family name                                                      ; MAX 10             ; Cyclone V          ;
; Use smart compilation                                            ; Off                ; Off                ;
; Enable parallel Assembler and Timing Analyzer during compilation ; On                 ; On                 ;
; Enable compact report table                                      ; Off                ; Off                ;
; Restructure Multiplexers                                         ; Auto               ; Auto               ;
; Create Debugging Nodes for IP Cores                              ; Off                ; Off                ;
; Preserve fewer node names                                        ; On                 ; On                 ;
; Intel FPGA IP Evaluation Mode                                    ; Enable             ; Enable             ;
; Verilog Version                                                  ; Verilog_2001       ; Verilog_2001       ;
; VHDL Version                                                     ; VHDL_1993          ; VHDL_1993          ;
; State Machine Processing                                         ; Auto               ; Auto               ;
; Safe State Machine                                               ; Off                ; Off                ;
; Extract Verilog State Machines                                   ; On                 ; On                 ;
; Extract VHDL State Machines                                      ; On                 ; On                 ;
; Ignore Verilog initial constructs                                ; Off                ; Off                ;
; Iteration limit for constant Verilog loops                       ; 5000               ; 5000               ;
; Iteration limit for non-constant Verilog loops                   ; 250                ; 250                ;
; Add Pass-Through Logic to Inferred RAMs                          ; On                 ; On                 ;
; Infer RAMs from Raw Logic                                        ; On                 ; On                 ;
; Parallel Synthesis                                               ; On                 ; On                 ;
; DSP Block Balancing                                              ; Auto               ; Auto               ;
; NOT Gate Push-Back                                               ; On                 ; On                 ;
; Power-Up Don't Care                                              ; On                 ; On                 ;
; Remove Redundant Logic Cells                                     ; Off                ; Off                ;
; Remove Duplicate Registers                                       ; On                 ; On                 ;
; Ignore CARRY Buffers                                             ; Off                ; Off                ;
; Ignore CASCADE Buffers                                           ; Off                ; Off                ;
; Ignore GLOBAL Buffers                                            ; Off                ; Off                ;
; Ignore ROW GLOBAL Buffers                                        ; Off                ; Off                ;
; Ignore LCELL Buffers                                             ; Off                ; Off                ;
; Ignore SOFT Buffers                                              ; On                 ; On                 ;
; Limit AHDL Integers to 32 Bits                                   ; Off                ; Off                ;
; Optimization Technique                                           ; Balanced           ; Balanced           ;
; Carry Chain Length                                               ; 70                 ; 70                 ;
; Auto Carry Chains                                                ; On                 ; On                 ;
; Auto Open-Drain Pins                                             ; On                 ; On                 ;
; Perform WYSIWYG Primitive Resynthesis                            ; Off                ; Off                ;
; Auto ROM Replacement                                             ; On                 ; On                 ;
; Auto RAM Replacement                                             ; On                 ; On                 ;
; Auto DSP Block Replacement                                       ; On                 ; On                 ;
; Auto Shift Register Replacement                                  ; Auto               ; Auto               ;
; Allow Shift Register Merging across Hierarchies                  ; Auto               ; Auto               ;
; Auto Clock Enable Replacement                                    ; On                 ; On                 ;
; Strict RAM Replacement                                           ; Off                ; Off                ;
; Allow Synchronous Control Signals                                ; On                 ; On                 ;
; Force Use of Synchronous Clear Signals                           ; Off                ; Off                ;
; Auto RAM Block Balancing                                         ; On                 ; On                 ;
; Auto RAM to Logic Cell Conversion                                ; Off                ; Off                ;
; Auto Resource Sharing                                            ; Off                ; Off                ;
; Allow Any RAM Size For Recognition                               ; Off                ; Off                ;
; Allow Any ROM Size For Recognition                               ; Off                ; Off                ;
; Allow Any Shift Register Size For Recognition                    ; Off                ; Off                ;
; Use LogicLock Constraints during Resource Balancing              ; On                 ; On                 ;
; Ignore translate_off and synthesis_off directives                ; Off                ; Off                ;
; Timing-Driven Synthesis                                          ; On                 ; On                 ;
; Report Parameter Settings                                        ; On                 ; On                 ;
; Report Source Assignments                                        ; On                 ; On                 ;
; Report Connectivity Checks                                       ; On                 ; On                 ;
; Ignore Maximum Fan-Out Assignments                               ; Off                ; Off                ;
; Synchronization Register Chain Length                            ; 2                  ; 2                  ;
; Power Optimization During Synthesis                              ; Normal compilation ; Normal compilation ;
; HDL message level                                                ; Level2             ; Level2             ;
; Suppress Register Optimization Related Messages                  ; Off                ; Off                ;
; Number of Removed Registers Reported in Synthesis Report         ; 5000               ; 5000               ;
; Number of Swept Nodes Reported in Synthesis Report               ; 5000               ; 5000               ;
; Number of Inverted Registers Reported in Synthesis Report        ; 100                ; 100                ;
; Clock MUX Protection                                             ; On                 ; On                 ;
; Auto Gated Clock Conversion                                      ; Off                ; Off                ;
; Block Design Naming                                              ; Auto               ; Auto               ;
; SDC constraint protection                                        ; Off                ; Off                ;
; Synthesis Effort                                                 ; Auto               ; Auto               ;
; Shift Register Replacement - Allow Asynchronous Clear Signal     ; On                 ; On                 ;
; Pre-Mapping Resynthesis Optimization                             ; Off                ; Off                ;
; Analysis & Synthesis Message Level                               ; Medium             ; Medium             ;
; Disable Register Merging Across Hierarchies                      ; Auto               ; Auto               ;
; Resource Aware Inference For Block RAM                           ; On                 ; On                 ;
+------------------------------------------------------------------+--------------------+--------------------+


+------------------------------------------+
; Parallel Compilation                     ;
+----------------------------+-------------+
; Processors                 ; Number      ;
+----------------------------+-------------+
; Number detected on machine ; 2           ;
; Maximum allowed            ; 2           ;
;                            ;             ;
; Average used               ; 1.00        ;
; Maximum used               ; 2           ;
;                            ;             ;
; Usage by Processor         ; % Time Used ;
;     Processor 1            ; 100.0%      ;
;     Processor 2            ;   0.0%      ;
+----------------------------+-------------+


+---------------------------------------------------------------------------------------------------------------------------------------+
; Analysis & Synthesis Source Files Read                                                                                                ;
+----------------------------------+-----------------+-----------------+------------------------------------------------------+---------+
; File Name with User-Entered Path ; Used in Netlist ; File Type       ; File Name with Absolute Path                         ; Library ;
+----------------------------------+-----------------+-----------------+------------------------------------------------------+---------+
; TickGenerator.vhd                ; yes             ; User VHDL File  ; /home/marius/Documents/Ex1_ADC_DAC/TickGenerator.vhd ;         ;
; ADCReader.vhd                    ; yes             ; User VHDL File  ; /home/marius/Documents/Ex1_ADC_DAC/ADCReader.vhd     ;         ;
; DACWriter.vhd                    ; yes             ; User VHDL File  ; /home/marius/Documents/Ex1_ADC_DAC/DACWriter.vhd     ;         ;
; ADC_DAC.vhd                      ; yes             ; User VHDL File  ; /home/marius/Documents/Ex1_ADC_DAC/ADC_DAC.vhd       ;         ;
+----------------------------------+-----------------+-----------------+------------------------------------------------------+---------+


+-------------------------------------------------------------------+
; Analysis & Synthesis Resource Usage Summary                       ;
+---------------------------------------------+---------------------+
; Resource                                    ; Usage               ;
+---------------------------------------------+---------------------+
; Estimated Total logic elements              ; 135                 ;
;                                             ;                     ;
; Total combinational functions               ; 117                 ;
; Logic element usage by number of LUT inputs ;                     ;
;     -- 4 input functions                    ; 57                  ;
;     -- 3 input functions                    ; 7                   ;
;     -- <=2 input functions                  ; 53                  ;
;                                             ;                     ;
; Logic elements by mode                      ;                     ;
;     -- normal mode                          ; 78                  ;
;     -- arithmetic mode                      ; 39                  ;
;                                             ;                     ;
; Total registers                             ; 89                  ;
;     -- Dedicated logic registers            ; 89                  ;
;     -- I/O registers                        ; 0                   ;
;                                             ;                     ;
; I/O pins                                    ; 39                  ;
;                                             ;                     ;
; Embedded Multiplier 9-bit elements          ; 0                   ;
;                                             ;                     ;
; Maximum fan-out node                        ; MAX10_CLK1_50~input ;
; Maximum fan-out                             ; 89                  ;
; Total fan-out                               ; 702                 ;
; Average fan-out                             ; 2.34                ;
+---------------------------------------------+---------------------+


+-----------------------------------------------------------------------------------------------------------------------------------------------------------------------------------------------------------------------------------------------------+
; Analysis & Synthesis Resource Utilization by Entity                                                                                                                                                                                                 ;
+------------------------------+---------------------+---------------------------+-------------+------------+--------------+---------+-----------+------+--------------+------------+----------------------------------+---------------+--------------+
; Compilation Hierarchy Node   ; Combinational ALUTs ; Dedicated Logic Registers ; Memory Bits ; UFM Blocks ; DSP Elements ; DSP 9x9 ; DSP 18x18 ; Pins ; Virtual Pins ; ADC blocks ; Full Hierarchy Name              ; Entity Name   ; Library Name ;
+------------------------------+---------------------+---------------------------+-------------+------------+--------------+---------+-----------+------+--------------+------------+----------------------------------+---------------+--------------+
; |ADC_DAC                     ; 117 (0)             ; 89 (0)                    ; 0           ; 0          ; 0            ; 0       ; 0         ; 39   ; 0            ; 0          ; |ADC_DAC                         ; ADC_DAC       ; work         ;
;    |ADCReader:adc|           ; 44 (44)             ; 45 (45)                   ; 0           ; 0          ; 0            ; 0       ; 0         ; 0    ; 0            ; 0          ; |ADC_DAC|ADCReader:adc           ; ADCReader     ; work         ;
;    |DACWriter:dac|           ; 46 (46)             ; 26 (26)                   ; 0           ; 0          ; 0            ; 0       ; 0         ; 0    ; 0            ; 0          ; |ADC_DAC|DACWriter:dac           ; DACWriter     ; work         ;
;    |TickGenerator:myTickGen| ; 27 (27)             ; 18 (18)                   ; 0           ; 0          ; 0            ; 0       ; 0         ; 0    ; 0            ; 0          ; |ADC_DAC|TickGenerator:myTickGen ; TickGenerator ; work         ;
+------------------------------+---------------------+---------------------------+-------------+------------+--------------+---------+-----------+------+--------------+------------+----------------------------------+---------------+--------------+
Note: For table entries with two numbers listed, the numbers in parentheses indicate the number of resources of the given type used by the specific entity alone. The numbers listed outside of parentheses indicate the total resources of the given type used by the specific entity and all of its sub-entities in the hierarchy.


Encoding Type:  One-Hot
+------------------------------------------------------------------------------------------------------------------------------------------------+
; State Machine - |ADC_DAC|DACWriter:dac|current_state                                                                                           ;
+-------------------------+------------------------+-------------------------+-----------------------+----------------------+--------------------+
; Name                    ; current_state.wait_low ; current_state.clear_clk ; current_state.set_clk ; current_state.cs_low ; current_state.idle ;
+-------------------------+------------------------+-------------------------+-----------------------+----------------------+--------------------+
; current_state.idle      ; 0                      ; 0                       ; 0                     ; 0                    ; 0                  ;
; current_state.cs_low    ; 0                      ; 0                       ; 0                     ; 1                    ; 1                  ;
; current_state.set_clk   ; 0                      ; 0                       ; 1                     ; 0                    ; 1                  ;
; current_state.clear_clk ; 0                      ; 1                       ; 0                     ; 0                    ; 1                  ;
; current_state.wait_low  ; 1                      ; 0                       ; 0                     ; 0                    ; 1                  ;
+-------------------------+------------------------+-------------------------+-----------------------+----------------------+--------------------+


Encoding Type:  One-Hot
+-------------------------------------------------------------------------------------------------------------------------------------------------------------------------------------------------------------------------------------------------------------------------------------------------------------------+
; State Machine - |ADC_DAC|ADCReader:adc|current_state                                                                                                                                                                                                                                                              ;
+----------------------------+------------------------+-------------------------+-----------------------+------------------------+-----------------------+---------------------------+----------------------------+-------------------------+------------------------+-------------------------+--------------------+
; Name                       ; current_state.wait_low ; current_state.latch_out ; current_state.clk_low ; current_state.bit_read ; current_state.clk_set ; current_state.pre_clk_low ; current_state.pre_clk_high ; current_state.wait_busy ; current_state.conv_low ; current_state.conv_high ; current_state.idle ;
+----------------------------+------------------------+-------------------------+-----------------------+------------------------+-----------------------+---------------------------+----------------------------+-------------------------+------------------------+-------------------------+--------------------+
; current_state.idle         ; 0                      ; 0                       ; 0                     ; 0                      ; 0                     ; 0                         ; 0                          ; 0                       ; 0                      ; 0                       ; 0                  ;
; current_state.conv_high    ; 0                      ; 0                       ; 0                     ; 0                      ; 0                     ; 0                         ; 0                          ; 0                       ; 0                      ; 1                       ; 1                  ;
; current_state.conv_low     ; 0                      ; 0                       ; 0                     ; 0                      ; 0                     ; 0                         ; 0                          ; 0                       ; 1                      ; 0                       ; 1                  ;
; current_state.wait_busy    ; 0                      ; 0                       ; 0                     ; 0                      ; 0                     ; 0                         ; 0                          ; 1                       ; 0                      ; 0                       ; 1                  ;
; current_state.pre_clk_high ; 0                      ; 0                       ; 0                     ; 0                      ; 0                     ; 0                         ; 1                          ; 0                       ; 0                      ; 0                       ; 1                  ;
; current_state.pre_clk_low  ; 0                      ; 0                       ; 0                     ; 0                      ; 0                     ; 1                         ; 0                          ; 0                       ; 0                      ; 0                       ; 1                  ;
; current_state.clk_set      ; 0                      ; 0                       ; 0                     ; 0                      ; 1                     ; 0                         ; 0                          ; 0                       ; 0                      ; 0                       ; 1                  ;
; current_state.bit_read     ; 0                      ; 0                       ; 0                     ; 1                      ; 0                     ; 0                         ; 0                          ; 0                       ; 0                      ; 0                       ; 1                  ;
; current_state.clk_low      ; 0                      ; 0                       ; 1                     ; 0                      ; 0                     ; 0                         ; 0                          ; 0                       ; 0                      ; 0                       ; 1                  ;
; current_state.latch_out    ; 0                      ; 1                       ; 0                     ; 0                      ; 0                     ; 0                         ; 0                          ; 0                       ; 0                      ; 0                       ; 1                  ;
; current_state.wait_low     ; 1                      ; 0                       ; 0                     ; 0                      ; 0                     ; 0                         ; 0                          ; 0                       ; 0                      ; 0                       ; 1                  ;
+----------------------------+------------------------+-------------------------+-----------------------+------------------------+-----------------------+---------------------------+----------------------------+-------------------------+------------------------+-------------------------+--------------------+


+---------------------------------------------------------------------------------------------+
; Registers Removed During Synthesis                                                          ;
+------------------------------------------+--------------------------------------------------+
; Register name                            ; Reason for Removal                               ;
+------------------------------------------+--------------------------------------------------+
; ADCReader:adc|current_state.conv_high    ; Lost fanout                                      ;
; ADCReader:adc|current_state.wait_busy    ; Lost fanout                                      ;
; ADCReader:adc|current_state.pre_clk_high ; Lost fanout                                      ;
; ADCReader:adc|current_state.pre_clk_low  ; Lost fanout                                      ;
; ADCReader:adc|current_state.clk_low      ; Stuck at GND due to stuck port data_in           ;
; ADCReader:adc|spi_clk_o                  ; Merged with ADCReader:adc|current_state.bit_read ;
; Total Number of Removed Registers = 6    ;                                                  ;
+------------------------------------------+--------------------------------------------------+


+------------------------------------------------------+
; General Register Statistics                          ;
+----------------------------------------------+-------+
; Statistic                                    ; Value ;
+----------------------------------------------+-------+
; Total registers                              ; 89    ;
; Number of registers using Synchronous Clear  ; 0     ;
; Number of registers using Synchronous Load   ; 0     ;
; Number of registers using Asynchronous Clear ; 73    ;
; Number of registers using Asynchronous Load  ; 0     ;
; Number of registers using Clock Enable       ; 39    ;
; Number of registers using Preset             ; 0     ;
+----------------------------------------------+-------+


+--------------------------------------------------+
; Inverted Register Statistics                     ;
+----------------------------------------+---------+
; Inverted Register                      ; Fan out ;
+----------------------------------------+---------+
; DACWriter:dac|current_bit_counter[1]   ; 8       ;
; DACWriter:dac|current_bit_counter[0]   ; 13      ;
; DACWriter:dac|current_bit_counter[3]   ; 4       ;
; DACWriter:dac|current_bit_counter[2]   ; 3       ;
; ADCReader:adc|current_bit_counter[3]   ; 18      ;
; ADCReader:adc|current_bit_counter[2]   ; 10      ;
; ADCReader:adc|current_bit_counter[1]   ; 10      ;
; ADCReader:adc|current_bit_counter[0]   ; 16      ;
; Total number of inverted registers = 8 ;         ;
+----------------------------------------+---------+


+-------------------------------------------------------------------------------------------------------------------------------------------------------------+
; Multiplexer Restructuring Statistics (Restructuring Performed)                                                                                              ;
+--------------------+-----------+---------------+----------------------+------------------------+------------+-----------------------------------------------+
; Multiplexer Inputs ; Bus Width ; Baseline Area ; Area if Restructured ; Saving if Restructured ; Registered ; Example Multiplexer Output                    ;
+--------------------+-----------+---------------+----------------------+------------------------+------------+-----------------------------------------------+
; 4:1                ; 4 bits    ; 8 LEs         ; 4 LEs                ; 4 LEs                  ; Yes        ; |ADC_DAC|DACWriter:dac|current_bit_counter[3] ;
; 4:1                ; 4 bits    ; 8 LEs         ; 4 LEs                ; 4 LEs                  ; Yes        ; |ADC_DAC|ADCReader:adc|current_bit_counter[1] ;
; 6:1                ; 2 bits    ; 8 LEs         ; 4 LEs                ; 4 LEs                  ; No         ; |ADC_DAC|DACWriter:dac|Selector9              ;
+--------------------+-----------+---------------+----------------------+------------------------+------------+-----------------------------------------------+


+----------------------------------------------------------------------+
; Parameter Settings for User Entity Instance: TickGenerator:myTickGen ;
+----------------+-------+---------------------------------------------+
; Parameter Name ; Value ; Type                                        ;
+----------------+-------+---------------------------------------------+
; divider        ; 50    ; Signed Integer                              ;
+----------------+-------+---------------------------------------------+
Note: In order to hide this table in the UI and the text report file, please set the "Show Parameter Settings in Synthesis Report" option in "Analysis and Synthesis Settings -> More Settings" to "Off".


+---------------------------------------------------------------------------------------------------------------------+
; Port Connectivity Checks: "DACWriter:dac"                                                                           ;
+-----------+--------+----------+-------------------------------------------------------------------------------------+
; Port      ; Type   ; Severity ; Details                                                                             ;
+-----------+--------+----------+-------------------------------------------------------------------------------------+
; is_idle_o ; Output ; Info     ; Connected to dangling logic. Logic that only feeds a dangling port will be removed. ;
+-----------+--------+----------+-------------------------------------------------------------------------------------+


+---------------------------------------------------------------------------------------------------------------------+
; Port Connectivity Checks: "ADCReader:adc"                                                                           ;
+-----------+--------+----------+-------------------------------------------------------------------------------------+
; Port      ; Type   ; Severity ; Details                                                                             ;
+-----------+--------+----------+-------------------------------------------------------------------------------------+
; is_idle_o ; Output ; Info     ; Connected to dangling logic. Logic that only feeds a dangling port will be removed. ;
+-----------+--------+----------+-------------------------------------------------------------------------------------+


+-----------------------------------------------------+
; Post-Synthesis Netlist Statistics for Top Partition ;
+-----------------------+-----------------------------+
; Type                  ; Count                       ;
+-----------------------+-----------------------------+
; boundary_port         ; 39                          ;
; cycloneiii_ff         ; 89                          ;
;     CLR               ; 50                          ;
;     ENA               ; 16                          ;
;     ENA CLR           ; 23                          ;
; cycloneiii_io_obuf    ; 16                          ;
; cycloneiii_lcell_comb ; 118                         ;
;     arith             ; 39                          ;
;         2 data inputs ; 39                          ;
;     normal            ; 79                          ;
;         0 data inputs ; 1                           ;
;         1 data inputs ; 4                           ;
;         2 data inputs ; 10                          ;
;         3 data inputs ; 7                           ;
;         4 data inputs ; 57                          ;
;                       ;                             ;
; Max LUT depth         ; 4.00                        ;
; Average LUT depth     ; 2.16                        ;
+-----------------------+-----------------------------+


+-------------------------------+
; Elapsed Time Per Partition    ;
+----------------+--------------+
; Partition Name ; Elapsed Time ;
+----------------+--------------+
; Top            ; 00:00:01     ;
+----------------+--------------+


+-------------------------------+
; Analysis & Synthesis Messages ;
+-------------------------------+
Info: *******************************************************************
Info: Running Quartus Prime Analysis & Synthesis
    Info: Version 19.1.0 Build 670 09/22/2019 SJ Lite Edition
    Info: Processing started: Fri Apr  3 16:57:32 2020
Info: Command: quartus_map --read_settings_files=on --write_settings_files=off ADC_DAC -c ADC_DAC
Warning (18236): Number of processors has not been specified which may cause overloading on shared machines.  Set the global assignment NUM_PARALLEL_PROCESSORS in your QSF to an appropriate value for best performance.
Info (20030): Parallel compilation is enabled and will use 2 of the 2 processors detected
Info (12021): Found 2 design units, including 1 entities, in source file TickGenerator.vhd
    Info (12022): Found design unit 1: TickGenerator-arch File: /home/marius/Documents/Ex1_ADC_DAC/TickGenerator.vhd Line: 18
    Info (12023): Found entity 1: TickGenerator File: /home/marius/Documents/Ex1_ADC_DAC/TickGenerator.vhd Line: 6
Info (12021): Found 2 design units, including 1 entities, in source file ADCReader.vhd
    Info (12022): Found design unit 1: ADCReader-arch File: /home/marius/Documents/Ex1_ADC_DAC/ADCReader.vhd Line: 29
    Info (12023): Found entity 1: ADCReader File: /home/marius/Documents/Ex1_ADC_DAC/ADCReader.vhd Line: 6
Info (12021): Found 2 design units, including 1 entities, in source file DACWriter.vhd
    Info (12022): Found design unit 1: DACWriter-arch File: /home/marius/Documents/Ex1_ADC_DAC/DACWriter.vhd Line: 38
    Info (12023): Found entity 1: DACWriter File: /home/marius/Documents/Ex1_ADC_DAC/DACWriter.vhd Line: 12
Info (12021): Found 2 design units, including 1 entities, in source file ADC_DAC.vhd
    Info (12022): Found design unit 1: ADC_DAC-arch File: /home/marius/Documents/Ex1_ADC_DAC/ADC_DAC.vhd Line: 37
    Info (12023): Found entity 1: ADC_DAC File: /home/marius/Documents/Ex1_ADC_DAC/ADC_DAC.vhd Line: 23
Info (12127): Elaborating entity "ADC_DAC" for the top level hierarchy
Warning (10541): VHDL Signal Declaration warning at ADC_DAC.vhd(28): used implicit default value for signal "LEDR" because signal was never assigned a value or an explicit default value. Use of implicit default value may introduce unintended design optimizations. File: /home/marius/Documents/Ex1_ADC_DAC/ADC_DAC.vhd Line: 28
Info (12128): Elaborating entity "TickGenerator" for hierarchy "TickGenerator:myTickGen" File: /home/marius/Documents/Ex1_ADC_DAC/ADC_DAC.vhd Line: 61
Info (12128): Elaborating entity "ADCReader" for hierarchy "ADCReader:adc" File: /home/marius/Documents/Ex1_ADC_DAC/ADC_DAC.vhd Line: 72
Warning (10036): Verilog HDL or VHDL warning at ADCReader.vhd(42): object "spi_miso" assigned a value but never read File: /home/marius/Documents/Ex1_ADC_DAC/ADCReader.vhd Line: 42
Warning (10492): VHDL Process Statement warning at ADCReader.vhd(60): signal "data_out" is read inside the Process Statement but isn't in the Process Statement's sensitivity list File: /home/marius/Documents/Ex1_ADC_DAC/ADCReader.vhd Line: 60
Warning (10492): VHDL Process Statement warning at ADCReader.vhd(91): signal "spi_miso_i" is read inside the Process Statement but isn't in the Process Statement's sensitivity list File: /home/marius/Documents/Ex1_ADC_DAC/ADCReader.vhd Line: 91
Info (12128): Elaborating entity "DACWriter" for hierarchy "DACWriter:dac" File: /home/marius/Documents/Ex1_ADC_DAC/ADC_DAC.vhd Line: 92
Warning (10492): VHDL Process Statement warning at DACWriter.vhd(83): signal "data_i" is read inside the Process Statement but isn't in the Process Statement's sensitivity list File: /home/marius/Documents/Ex1_ADC_DAC/DACWriter.vhd Line: 83
Warning (13034): The following nodes have both tri-state and non-tri-state drivers
    Warning (13035): Inserted always-enabled tri-state buffer between "ARDUINO_IO[0]" and its non-tri-state driver. File: /home/marius/Documents/Ex1_ADC_DAC/ADC_DAC.vhd Line: 27
    Warning (13035): Inserted always-enabled tri-state buffer between "ARDUINO_IO[1]" and its non-tri-state driver. File: /home/marius/Documents/Ex1_ADC_DAC/ADC_DAC.vhd Line: 27
    Warning (13035): Inserted always-enabled tri-state buffer between "ARDUINO_IO[2]" and its non-tri-state driver. File: /home/marius/Documents/Ex1_ADC_DAC/ADC_DAC.vhd Line: 27
    Warning (13035): Inserted always-enabled tri-state buffer between "ARDUINO_IO[3]" and its non-tri-state driver. File: /home/marius/Documents/Ex1_ADC_DAC/ADC_DAC.vhd Line: 27
    Warning (13035): Inserted always-enabled tri-state buffer between "ARDUINO_IO[8]" and its non-tri-state driver. File: /home/marius/Documents/Ex1_ADC_DAC/ADC_DAC.vhd Line: 27
    Warning (13035): Inserted always-enabled tri-state buffer between "ARDUINO_IO[9]" and its non-tri-state driver. File: /home/marius/Documents/Ex1_ADC_DAC/ADC_DAC.vhd Line: 27
Warning (13039): The following bidirectional pins have no drivers
    Warning (13040): bidirectional pin "ARDUINO_IO[11]" has no driver File: /home/marius/Documents/Ex1_ADC_DAC/ADC_DAC.vhd Line: 27
    Warning (13040): bidirectional pin "ARDUINO_IO[4]" has no driver File: /home/marius/Documents/Ex1_ADC_DAC/ADC_DAC.vhd Line: 27
    Warning (13040): bidirectional pin "ARDUINO_IO[5]" has no driver File: /home/marius/Documents/Ex1_ADC_DAC/ADC_DAC.vhd Line: 27
    Warning (13040): bidirectional pin "ARDUINO_IO[6]" has no driver File: /home/marius/Documents/Ex1_ADC_DAC/ADC_DAC.vhd Line: 27
    Warning (13040): bidirectional pin "ARDUINO_IO[7]" has no driver File: /home/marius/Documents/Ex1_ADC_DAC/ADC_DAC.vhd Line: 27
    Warning (13040): bidirectional pin "ARDUINO_IO[12]" has no driver File: /home/marius/Documents/Ex1_ADC_DAC/ADC_DAC.vhd Line: 27
    Warning (13040): bidirectional pin "ARDUINO_IO[13]" has no driver File: /home/marius/Documents/Ex1_ADC_DAC/ADC_DAC.vhd Line: 27
    Warning (13040): bidirectional pin "ARDUINO_IO[14]" has no driver File: /home/marius/Documents/Ex1_ADC_DAC/ADC_DAC.vhd Line: 27
    Warning (13040): bidirectional pin "ARDUINO_IO[15]" has no driver File: /home/marius/Documents/Ex1_ADC_DAC/ADC_DAC.vhd Line: 27
Warning (13032): The following tri-state nodes are fed by constants
    Warning (13033): The pin "ARDUINO_IO[10]" is fed by VCC File: /home/marius/Documents/Ex1_ADC_DAC/ADC_DAC.vhd Line: 27
Info (13000): Registers with preset signals will power-up high File: /home/marius/Documents/Ex1_ADC_DAC/DACWriter.vhd Line: 162
Info (13003): DEV_CLRn pin will set, and not reset, register with preset signal due to NOT Gate Push-Back
Warning (13009): TRI or OPNDRN buffers permanently enabled
    Warning (13010): Node "ARDUINO_IO[0]~synth" File: /home/marius/Documents/Ex1_ADC_DAC/ADC_DAC.vhd Line: 27
    Warning (13010): Node "ARDUINO_IO[1]~synth" File: /home/marius/Documents/Ex1_ADC_DAC/ADC_DAC.vhd Line: 27
    Warning (13010): Node "ARDUINO_IO[2]~synth" File: /home/marius/Documents/Ex1_ADC_DAC/ADC_DAC.vhd Line: 27
    Warning (13010): Node "ARDUINO_IO[3]~synth" File: /home/marius/Documents/Ex1_ADC_DAC/ADC_DAC.vhd Line: 27
    Warning (13010): Node "ARDUINO_IO[8]~synth" File: /home/marius/Documents/Ex1_ADC_DAC/ADC_DAC.vhd Line: 27
    Warning (13010): Node "ARDUINO_IO[9]~synth" File: /home/marius/Documents/Ex1_ADC_DAC/ADC_DAC.vhd Line: 27
    Warning (13010): Node "ARDUINO_IO[10]~synth" File: /home/marius/Documents/Ex1_ADC_DAC/ADC_DAC.vhd Line: 27
Warning (13024): Output pins are stuck at VCC or GND
    Warning (13410): Pin "LEDR[0]" is stuck at GND File: /home/marius/Documents/Ex1_ADC_DAC/ADC_DAC.vhd Line: 28
    Warning (13410): Pin "LEDR[1]" is stuck at GND File: /home/marius/Documents/Ex1_ADC_DAC/ADC_DAC.vhd Line: 28
    Warning (13410): Pin "LEDR[2]" is stuck at GND File: /home/marius/Documents/Ex1_ADC_DAC/ADC_DAC.vhd Line: 28
    Warning (13410): Pin "LEDR[3]" is stuck at GND File: /home/marius/Documents/Ex1_ADC_DAC/ADC_DAC.vhd Line: 28
    Warning (13410): Pin "LEDR[4]" is stuck at GND File: /home/marius/Documents/Ex1_ADC_DAC/ADC_DAC.vhd Line: 28
    Warning (13410): Pin "LEDR[5]" is stuck at GND File: /home/marius/Documents/Ex1_ADC_DAC/ADC_DAC.vhd Line: 28
    Warning (13410): Pin "LEDR[6]" is stuck at GND File: /home/marius/Documents/Ex1_ADC_DAC/ADC_DAC.vhd Line: 28
    Warning (13410): Pin "LEDR[7]" is stuck at GND File: /home/marius/Documents/Ex1_ADC_DAC/ADC_DAC.vhd Line: 28
    Warning (13410): Pin "LEDR[8]" is stuck at GND File: /home/marius/Documents/Ex1_ADC_DAC/ADC_DAC.vhd Line: 28
    Warning (13410): Pin "LEDR[9]" is stuck at GND File: /home/marius/Documents/Ex1_ADC_DAC/ADC_DAC.vhd Line: 28
Info (286030): Timing-Driven Synthesis is running
Critical Warning (18061): Ignored Power-Up Level option on the following registers
    Critical Warning (18010): Register ADCReader:adc|current_bit_counter[3] will power up to High File: /home/marius/Documents/Ex1_ADC_DAC/ADCReader.vhd Line: 123
    Critical Warning (18010): Register ADCReader:adc|current_bit_counter[2] will power up to High File: /home/marius/Documents/Ex1_ADC_DAC/ADCReader.vhd Line: 123
    Critical Warning (18010): Register ADCReader:adc|current_bit_counter[1] will power up to High File: /home/marius/Documents/Ex1_ADC_DAC/ADCReader.vhd Line: 123
    Critical Warning (18010): Register ADCReader:adc|current_bit_counter[0] will power up to High File: /home/marius/Documents/Ex1_ADC_DAC/ADCReader.vhd Line: 123
Info (17049): 4 registers lost all their fanouts during netlist optimizations.
Info (16010): Generating hard_block partition "hard_block:auto_generated_inst"
    Info (16011): Adding 0 node(s), including 0 DDIO, 0 PLL, 0 transceiver and 0 LCELL
Warning (21074): Design contains 11 input pin(s) that do not drive logic
    Warning (15610): No output dependent on input pin "KEY[1]" File: /home/marius/Documents/Ex1_ADC_DAC/ADC_DAC.vhd Line: 26
    Warning (15610): No output dependent on input pin "SW[0]" File: /home/marius/Documents/Ex1_ADC_DAC/ADC_DAC.vhd Line: 29
    Warning (15610): No output dependent on input pin "SW[1]" File: /home/marius/Documents/Ex1_ADC_DAC/ADC_DAC.vhd Line: 29
    Warning (15610): No output dependent on input pin "SW[2]" File: /home/marius/Documents/Ex1_ADC_DAC/ADC_DAC.vhd Line: 29
    Warning (15610): No output dependent on input pin "SW[3]" File: /home/marius/Documents/Ex1_ADC_DAC/ADC_DAC.vhd Line: 29
    Warning (15610): No output dependent on input pin "SW[4]" File: /home/marius/Documents/Ex1_ADC_DAC/ADC_DAC.vhd Line: 29
    Warning (15610): No output dependent on input pin "SW[5]" File: /home/marius/Documents/Ex1_ADC_DAC/ADC_DAC.vhd Line: 29
    Warning (15610): No output dependent on input pin "SW[6]" File: /home/marius/Documents/Ex1_ADC_DAC/ADC_DAC.vhd Line: 29
    Warning (15610): No output dependent on input pin "SW[7]" File: /home/marius/Documents/Ex1_ADC_DAC/ADC_DAC.vhd Line: 29
    Warning (15610): No output dependent on input pin "SW[8]" File: /home/marius/Documents/Ex1_ADC_DAC/ADC_DAC.vhd Line: 29
    Warning (15610): No output dependent on input pin "SW[9]" File: /home/marius/Documents/Ex1_ADC_DAC/ADC_DAC.vhd Line: 29
Info (21057): Implemented 176 device resources after synthesis - the final resource count might be different
    Info (21058): Implemented 13 input pins
    Info (21059): Implemented 10 output pins
    Info (21060): Implemented 16 bidirectional pins
    Info (21061): Implemented 137 logic cells
Info: Quartus Prime Analysis & Synthesis was successful. 0 errors, 61 warnings
    Info: Peak virtual memory: 934 megabytes
    Info: Processing ended: Fri Apr  3 16:57:48 2020
    Info: Elapsed time: 00:00:16
    Info: Total CPU time (on all processors): 00:00:24


