Flow report for noise_cancelling
Fri May 29 00:34:32 2020
Quartus Prime Version 19.1.0 Build 670 09/22/2019 SJ Lite Edition


---------------------
; Table of Contents ;
---------------------
  1. Legal Notice
  2. Flow Summary
  3. Flow Settings
  4. Flow Non-Default Global Settings
  5. Flow Elapsed Time
  6. Flow OS Summary
  7. Flow Log
  8. Flow Messages
  9. Flow Suppressed Messages



----------------
; Legal Notice ;
----------------
Copyright (C) 2019  Intel Corporation. All rights reserved.
Your use of Intel Corporation's design tools, logic functions 
and other software and tools, and any partner logic 
functions, and any output files from any of the foregoing 
(including device programming or simulation files), and any 
associated documentation or information are expressly subject 
to the terms and conditions of the Intel Program License 
Subscription Agreement, the Intel Quartus Prime License Agreement,
the Intel FPGA IP License Agreement, or other applicable license
agreement, including, without limitation, that your use is for
the sole purpose of programming logic devices manufactured by
Intel and sold by Intel or its authorized distributors.  Please
refer to the applicable agreement for further details, at
https://fpgasoftware.intel.com/eula.



+----------------------------------------------------------------------------------+
; Flow Summary                                                                     ;
+------------------------------------+---------------------------------------------+
; Flow Status                        ; Successful - Fri May 29 00:34:19 2020       ;
; Quartus Prime Version              ; 19.1.0 Build 670 09/22/2019 SJ Lite Edition ;
; Revision Name                      ; noise_cancelling                            ;
; Top-level Entity Name              ; NC                                          ;
; Family                             ; MAX 10                                      ;
; Device                             ; 10M50DAF484C6GES                            ;
; Timing Models                      ; Preliminary                                 ;
; Total logic elements               ; 2,758 / 49,760 ( 6 % )                      ;
;     Total combinational functions  ; 2,692 / 49,760 ( 5 % )                      ;
;     Dedicated logic registers      ; 1,018 / 49,760 ( 2 % )                      ;
; Total registers                    ; 1018                                        ;
; Total pins                         ; 75 / 360 ( 21 % )                           ;
; Total virtual pins                 ; 0                                           ;
; Total memory bits                  ; 0 / 1,677,312 ( 0 % )                       ;
; Embedded Multiplier 9-bit elements ; 2 / 288 ( < 1 % )                           ;
; Total PLLs                         ; 0 / 4 ( 0 % )                               ;
; UFM blocks                         ; 0 / 1 ( 0 % )                               ;
; ADC blocks                         ; 0 / 2 ( 0 % )                               ;
+------------------------------------+---------------------------------------------+


+-----------------------------------------+
; Flow Settings                           ;
+-------------------+---------------------+
; Option            ; Setting             ;
+-------------------+---------------------+
; Start date & time ; 05/29/2020 00:32:59 ;
; Main task         ; Compilation         ;
; Revision Name     ; noise_cancelling    ;
+-------------------+---------------------+


+----------------------------------------------------------------------------------------------------------------------------+
; Flow Non-Default Global Settings                                                                                           ;
+-------------------------------------+----------------------------------------+------------------+-------------+------------+
; Assignment Name                     ; Value                                  ; Default Value    ; Entity Name ; Section Id ;
+-------------------------------------+----------------------------------------+------------------+-------------+------------+
; COMPILER_SIGNATURE_ID               ; 255543654088953.159070517818080        ; --               ; --          ; --         ;
; MAX_CORE_JUNCTION_TEMP              ; 85                                     ; --               ; --          ; --         ;
; MIN_CORE_JUNCTION_TEMP              ; 0                                      ; --               ; --          ; --         ;
; MISC_FILE                           ; FIR_COEF_RAM.cmp                       ; --               ; --          ; --         ;
; PARTITION_COLOR                     ; -- (Not supported for targeted family) ; --               ; ADC_DAC     ; Top        ;
; PARTITION_COLOR                     ; -- (Not supported for targeted family) ; --               ; NC          ; Top        ;
; PARTITION_FITTER_PRESERVATION_LEVEL ; -- (Not supported for targeted family) ; --               ; ADC_DAC     ; Top        ;
; PARTITION_FITTER_PRESERVATION_LEVEL ; -- (Not supported for targeted family) ; --               ; NC          ; Top        ;
; PARTITION_NETLIST_TYPE              ; -- (Not supported for targeted family) ; --               ; ADC_DAC     ; Top        ;
; PARTITION_NETLIST_TYPE              ; -- (Not supported for targeted family) ; --               ; NC          ; Top        ;
; POWER_BOARD_THERMAL_MODEL           ; None (CONSERVATIVE)                    ; --               ; --          ; --         ;
; POWER_PRESET_COOLING_SOLUTION       ; 23 MM HEAT SINK WITH 200 LFPM AIRFLOW  ; --               ; --          ; --         ;
; PROJECT_OUTPUT_DIRECTORY            ; output_files                           ; --               ; --          ; --         ;
; TOP_LEVEL_ENTITY                    ; NC                                     ; noise_cancelling ; --          ; --         ;
; VHDL_INPUT_VERSION                  ; VHDL_2008                              ; VHDL_1993        ; --          ; --         ;
; VHDL_SHOW_LMF_MAPPING_MESSAGES      ; Off                                    ; --               ; --          ; --         ;
+-------------------------------------+----------------------------------------+------------------+-------------+------------+


+--------------------------------------------------------------------------------------------------------------------------+
; Flow Elapsed Time                                                                                                        ;
+----------------------+--------------+-------------------------+---------------------+------------------------------------+
; Module Name          ; Elapsed Time ; Average Processors Used ; Peak Virtual Memory ; Total CPU Time (on all processors) ;
+----------------------+--------------+-------------------------+---------------------+------------------------------------+
; Analysis & Synthesis ; 00:00:26     ; 1.0                     ; 4867 MB             ; 00:00:48                           ;
; Fitter               ; 00:00:46     ; 1.3                     ; 5769 MB             ; 00:01:24                           ;
; Assembler            ; 00:00:05     ; 1.0                     ; 4720 MB             ; 00:00:05                           ;
; Timing Analyzer      ; 00:00:11     ; 1.8                     ; 4872 MB             ; 00:00:17                           ;
; Total                ; 00:01:28     ; --                      ; --                  ; 00:02:34                           ;
+----------------------+--------------+-------------------------+---------------------+------------------------------------+


+------------------------------------------------------------------------------------+
; Flow OS Summary                                                                    ;
+----------------------+------------------+------------+------------+----------------+
; Module Name          ; Machine Hostname ; OS Name    ; OS Version ; Processor type ;
+----------------------+------------------+------------+------------+----------------+
; Analysis & Synthesis ; DESKTOP-L4M16SV  ; Windows 10 ; 10.0       ; x86_64         ;
; Fitter               ; DESKTOP-L4M16SV  ; Windows 10 ; 10.0       ; x86_64         ;
; Assembler            ; DESKTOP-L4M16SV  ; Windows 10 ; 10.0       ; x86_64         ;
; Timing Analyzer      ; DESKTOP-L4M16SV  ; Windows 10 ; 10.0       ; x86_64         ;
+----------------------+------------------+------------+------------+----------------+


------------
; Flow Log ;
------------
quartus_map --read_settings_files=on --write_settings_files=off noise_cancelling -c noise_cancelling
quartus_fit --read_settings_files=off --write_settings_files=off noise_cancelling -c noise_cancelling
quartus_asm --read_settings_files=off --write_settings_files=off noise_cancelling -c noise_cancelling
quartus_sta noise_cancelling -c noise_cancelling



